  BaseApplication.cpp
BaseApplication.cpp(124): warning C4101: 'wmEvent': unreferenced local variable
BaseApplication.cpp(124): warning C4101: 'wmId': unreferenced local variable
  camera.cpp
camera.cpp(131): warning C4244: '=': conversion from 'double' to 'float', possible loss of data
camera.cpp(133): warning C4244: '=': conversion from 'double' to 'float', possible loss of data
camera.cpp(134): warning C4244: '=': conversion from 'double' to 'float', possible loss of data
camera.cpp(135): warning C4244: '=': conversion from 'double' to 'float', possible loss of data
camera.cpp(148): warning C4244: '=': conversion from 'double' to 'float', possible loss of data
camera.cpp(151): warning C4244: '=': conversion from 'double' to 'float', possible loss of data
camera.cpp(152): warning C4244: '=': conversion from 'double' to 'float', possible loss of data
camera.cpp(153): warning C4244: '=': conversion from 'double' to 'float', possible loss of data
camera.cpp(163): warning C4244: '=': conversion from 'double' to 'float', possible loss of data
camera.cpp(165): warning C4244: '=': conversion from 'double' to 'float', possible loss of data
camera.cpp(166): warning C4244: '=': conversion from 'double' to 'float', possible loss of data
camera.cpp(167): warning C4244: '=': conversion from 'double' to 'float', possible loss of data
  OGLWindow.cpp
OpenGL\OGLWindow.cpp(211): warning C4244: '=': conversion from 'double' to 'float', possible loss of data
OpenGL\OGLWindow.cpp(223): warning C4244: 'argument': conversion from 'double' to 'float', possible loss of data
  Generating code
  3 of 225 functions ( 1.3%) were compiled, the rest were copied from previous compilation.
    0 functions were new in current compilation
    5 functions had inline decision re-evaluated but remain unchanged
  Finished generating code
  GFXiiFramework.vcxproj -> \\ctstudent2\studentusers\100369891\Desktop\defghjk\GFXiiFramework\Release\GFXiiFramework.exe
  GFXiiFramework.vcxproj -> \\ctstudent2\studentusers\100369891\Desktop\defghjk\GFXiiFramework\Release\GFXiiFramework.pdb (Full PDB)
