c:\users\paul\desktop\right one\gfxiiframework\gfxiiframework\gfxiiframework\release\vc140.pdb
c:\users\paul\desktop\right one\gfxiiframework\gfxiiframework\gfxiiframework\release\vector4.obj
c:\users\paul\desktop\right one\gfxiiframework\gfxiiframework\gfxiiframework\release\vector3.obj
c:\users\paul\desktop\right one\gfxiiframework\gfxiiframework\gfxiiframework\release\triangle.obj
c:\users\paul\desktop\right one\gfxiiframework\gfxiiframework\gfxiiframework\release\quaternion.obj
c:\users\paul\desktop\right one\gfxiiframework\gfxiiframework\gfxiiframework\release\oglwindow.obj
c:\users\paul\desktop\right one\gfxiiframework\gfxiiframework\gfxiiframework\release\ogltexture.obj
c:\users\paul\desktop\right one\gfxiiframework\gfxiiframework\gfxiiframework\release\oglshader.obj
c:\users\paul\desktop\right one\gfxiiframework\gfxiiframework\gfxiiframework\release\oglmesh.obj
c:\users\paul\desktop\right one\gfxiiframework\gfxiiframework\gfxiiframework\release\oglcube.obj
c:\users\paul\desktop\right one\gfxiiframework\gfxiiframework\gfxiiframework\release\objfilereader.obj
c:\users\paul\desktop\right one\gfxiiframework\gfxiiframework\gfxiiframework\release\matrix4x4.obj
c:\users\paul\desktop\right one\gfxiiframework\gfxiiframework\gfxiiframework\release\imageio.obj
c:\users\paul\desktop\right one\gfxiiframework\gfxiiframework\gfxiiframework\release\gfxiiframework.obj
c:\users\paul\desktop\right one\gfxiiframework\gfxiiframework\gfxiiframework\release\d3d11window.obj
c:\users\paul\desktop\right one\gfxiiframework\gfxiiframework\gfxiiframework\release\d3d11texture.obj
c:\users\paul\desktop\right one\gfxiiframework\gfxiiframework\gfxiiframework\release\d3d11shader.obj
c:\users\paul\desktop\right one\gfxiiframework\gfxiiframework\gfxiiframework\release\d3d11mesh.obj
c:\users\paul\desktop\right one\gfxiiframework\gfxiiframework\gfxiiframework\release\d3d11cube.obj
c:\users\paul\desktop\right one\gfxiiframework\gfxiiframework\gfxiiframework\release\camera.obj
c:\users\paul\desktop\right one\gfxiiframework\gfxiiframework\gfxiiframework\release\baseapplication.obj
c:\users\paul\desktop\right one\gfxiiframework\gfxiiframework\release\gfxiiframework.exe
c:\users\paul\desktop\right one\gfxiiframework\gfxiiframework\release\gfxiiframework.ipdb
c:\users\paul\desktop\right one\gfxiiframework\gfxiiframework\release\gfxiiframework.iobj
c:\users\paul\desktop\right one\gfxiiframework\gfxiiframework\release\gfxiiframework.pdb
c:\users\paul\desktop\right one\gfxiiframework\gfxiiframework\gfxiiframework\release\gfxiiframework.res
\\ctstudent2\studentusers\100369891\desktop\defghjk\gfxiiframework\gfxiiframework\release\baseapplication.obj
\\ctstudent2\studentusers\100369891\desktop\defghjk\gfxiiframework\gfxiiframework\release\camera.obj
\\ctstudent2\studentusers\100369891\desktop\defghjk\gfxiiframework\gfxiiframework\release\d3d11cube.obj
\\ctstudent2\studentusers\100369891\desktop\defghjk\gfxiiframework\gfxiiframework\release\d3d11mesh.obj
\\ctstudent2\studentusers\100369891\desktop\defghjk\gfxiiframework\gfxiiframework\release\d3d11shader.obj
\\ctstudent2\studentusers\100369891\desktop\defghjk\gfxiiframework\gfxiiframework\release\d3d11texture.obj
\\ctstudent2\studentusers\100369891\desktop\defghjk\gfxiiframework\gfxiiframework\release\d3d11window.obj
\\ctstudent2\studentusers\100369891\desktop\defghjk\gfxiiframework\gfxiiframework\release\gfxiiframework.obj
\\ctstudent2\studentusers\100369891\desktop\defghjk\gfxiiframework\gfxiiframework\release\imageio.obj
\\ctstudent2\studentusers\100369891\desktop\defghjk\gfxiiframework\gfxiiframework\release\matrix4x4.obj
\\ctstudent2\studentusers\100369891\desktop\defghjk\gfxiiframework\gfxiiframework\release\objfilereader.obj
\\ctstudent2\studentusers\100369891\desktop\defghjk\gfxiiframework\gfxiiframework\release\oglcube.obj
\\ctstudent2\studentusers\100369891\desktop\defghjk\gfxiiframework\gfxiiframework\release\oglmesh.obj
\\ctstudent2\studentusers\100369891\desktop\defghjk\gfxiiframework\gfxiiframework\release\oglshader.obj
\\ctstudent2\studentusers\100369891\desktop\defghjk\gfxiiframework\gfxiiframework\release\ogltexture.obj
\\ctstudent2\studentusers\100369891\desktop\defghjk\gfxiiframework\gfxiiframework\release\oglwindow.obj
\\ctstudent2\studentusers\100369891\desktop\defghjk\gfxiiframework\gfxiiframework\release\quaternion.obj
\\ctstudent2\studentusers\100369891\desktop\defghjk\gfxiiframework\gfxiiframework\release\triangle.obj
\\ctstudent2\studentusers\100369891\desktop\defghjk\gfxiiframework\gfxiiframework\release\vector3.obj
\\ctstudent2\studentusers\100369891\desktop\defghjk\gfxiiframework\gfxiiframework\release\vector4.obj
\\ctstudent2\studentusers\100369891\desktop\defghjk\gfxiiframework\gfxiiframework\release\gfxiiframework.res
\\ctstudent2\studentusers\100369891\desktop\defghjk\gfxiiframework\gfxiiframework\release\vc140.pdb
\\ctstudent2\studentusers\100369891\desktop\defghjk\gfxiiframework\release\gfxiiframework.pdb
\\ctstudent2\studentusers\100369891\desktop\defghjk\gfxiiframework\release\gfxiiframework.exe
\\ctstudent2\studentusers\100369891\desktop\defghjk\gfxiiframework\gfxiiframework\release\gfxiiframework.tlog\cl.command.1.tlog
\\ctstudent2\studentusers\100369891\desktop\defghjk\gfxiiframework\gfxiiframework\release\gfxiiframework.tlog\cl.read.1.tlog
\\ctstudent2\studentusers\100369891\desktop\defghjk\gfxiiframework\gfxiiframework\release\gfxiiframework.tlog\cl.write.1.tlog
\\ctstudent2\studentusers\100369891\desktop\defghjk\gfxiiframework\gfxiiframework\release\gfxiiframework.tlog\link.command.1.tlog
\\ctstudent2\studentusers\100369891\desktop\defghjk\gfxiiframework\gfxiiframework\release\gfxiiframework.tlog\link.read.1.tlog
\\ctstudent2\studentusers\100369891\desktop\defghjk\gfxiiframework\gfxiiframework\release\gfxiiframework.tlog\link.write.1.tlog
\\ctstudent2\studentusers\100369891\desktop\defghjk\gfxiiframework\gfxiiframework\release\gfxiiframework.tlog\rc.command.1.tlog
\\ctstudent2\studentusers\100369891\desktop\defghjk\gfxiiframework\gfxiiframework\release\gfxiiframework.tlog\rc.read.1.tlog
\\ctstudent2\studentusers\100369891\desktop\defghjk\gfxiiframework\gfxiiframework\release\gfxiiframework.tlog\rc.write.1.tlog
