c:\users\paul\desktop\skybox\gfxiiframework\gfxiiframework\debug\vc140.pdb
c:\users\paul\desktop\skybox\gfxiiframework\gfxiiframework\debug\vc140.idb
c:\users\paul\desktop\skybox\gfxiiframework\gfxiiframework\debug\baseapplication.obj
c:\users\paul\desktop\skybox\gfxiiframework\gfxiiframework\debug\camera.obj
c:\users\paul\desktop\skybox\gfxiiframework\gfxiiframework\debug\d3d11cube.obj
c:\users\paul\desktop\skybox\gfxiiframework\gfxiiframework\debug\d3d11mesh.obj
c:\users\paul\desktop\skybox\gfxiiframework\gfxiiframework\debug\d3d11shader.obj
c:\users\paul\desktop\skybox\gfxiiframework\gfxiiframework\debug\d3d11texture.obj
c:\users\paul\desktop\skybox\gfxiiframework\gfxiiframework\debug\d3d11window.obj
c:\users\paul\desktop\skybox\gfxiiframework\gfxiiframework\debug\gfxiiframework.obj
c:\users\paul\desktop\skybox\gfxiiframework\gfxiiframework\debug\imageio.obj
c:\users\paul\desktop\skybox\gfxiiframework\gfxiiframework\debug\matrix4x4.obj
c:\users\paul\desktop\skybox\gfxiiframework\gfxiiframework\debug\objfilereader.obj
c:\users\paul\desktop\skybox\gfxiiframework\gfxiiframework\debug\oglcube.obj
c:\users\paul\desktop\skybox\gfxiiframework\gfxiiframework\debug\oglmesh.obj
c:\users\paul\desktop\skybox\gfxiiframework\gfxiiframework\debug\oglshader.obj
c:\users\paul\desktop\skybox\gfxiiframework\gfxiiframework\debug\ogltexture.obj
c:\users\paul\desktop\skybox\gfxiiframework\gfxiiframework\debug\oglwindow.obj
c:\users\paul\desktop\skybox\gfxiiframework\gfxiiframework\debug\quaternion.obj
c:\users\paul\desktop\skybox\gfxiiframework\gfxiiframework\debug\triangle.obj
c:\users\paul\desktop\skybox\gfxiiframework\gfxiiframework\debug\vector3.obj
c:\users\paul\desktop\skybox\gfxiiframework\gfxiiframework\debug\vector4.obj
c:\users\paul\desktop\skybox\gfxiiframework\debug\gfxiiframework.ilk
c:\users\paul\desktop\skybox\gfxiiframework\debug\gfxiiframework.exe
c:\users\paul\desktop\skybox\gfxiiframework\debug\gfxiiframework.pdb
c:\users\paul\desktop\skybox\gfxiiframework\gfxiiframework\debug\gfxiiframework.res
c:\users\paul\desktop\skybox\flightsim\gfxiiframework\debug\baseapplication.obj
c:\users\paul\desktop\skybox\flightsim\gfxiiframework\debug\camera.obj
c:\users\paul\desktop\skybox\flightsim\gfxiiframework\debug\d3d11cube.obj
c:\users\paul\desktop\skybox\flightsim\gfxiiframework\debug\d3d11mesh.obj
c:\users\paul\desktop\skybox\flightsim\gfxiiframework\debug\d3d11shader.obj
c:\users\paul\desktop\skybox\flightsim\gfxiiframework\debug\d3d11texture.obj
c:\users\paul\desktop\skybox\flightsim\gfxiiframework\debug\d3d11window.obj
c:\users\paul\desktop\skybox\flightsim\gfxiiframework\debug\gfxiiframework.obj
c:\users\paul\desktop\skybox\flightsim\gfxiiframework\debug\imageio.obj
c:\users\paul\desktop\skybox\flightsim\gfxiiframework\debug\matrix4x4.obj
c:\users\paul\desktop\skybox\flightsim\gfxiiframework\debug\objfilereader.obj
c:\users\paul\desktop\skybox\flightsim\gfxiiframework\debug\oglcube.obj
c:\users\paul\desktop\skybox\flightsim\gfxiiframework\debug\oglmesh.obj
c:\users\paul\desktop\skybox\flightsim\gfxiiframework\debug\oglshader.obj
c:\users\paul\desktop\skybox\flightsim\gfxiiframework\debug\ogltexture.obj
c:\users\paul\desktop\skybox\flightsim\gfxiiframework\debug\oglwindow.obj
c:\users\paul\desktop\skybox\flightsim\gfxiiframework\debug\quaternion.obj
c:\users\paul\desktop\skybox\flightsim\gfxiiframework\debug\triangle.obj
c:\users\paul\desktop\skybox\flightsim\gfxiiframework\debug\vector3.obj
c:\users\paul\desktop\skybox\flightsim\gfxiiframework\debug\vector4.obj
c:\users\paul\desktop\skybox\flightsim\gfxiiframework\debug\gfxiiframework.res
c:\users\paul\desktop\skybox\flightsim\gfxiiframework\debug\vc140.idb
c:\users\paul\desktop\skybox\flightsim\gfxiiframework\debug\vc140.pdb
c:\users\paul\desktop\skybox\flightsim\debug\gfxiiframework.pdb
c:\users\paul\desktop\skybox\flightsim\debug\gfxiiframework.exe
c:\users\paul\desktop\skybox\flightsim\debug\gfxiiframework.ilk
c:\users\paul\desktop\skybox\flightsim\gfxiiframework\debug\gfxiiframework.tlog\cl.command.1.tlog
c:\users\paul\desktop\skybox\flightsim\gfxiiframework\debug\gfxiiframework.tlog\cl.read.1.tlog
c:\users\paul\desktop\skybox\flightsim\gfxiiframework\debug\gfxiiframework.tlog\cl.write.1.tlog
c:\users\paul\desktop\skybox\flightsim\gfxiiframework\debug\gfxiiframework.tlog\link.command.1.tlog
c:\users\paul\desktop\skybox\flightsim\gfxiiframework\debug\gfxiiframework.tlog\link.read.1.tlog
c:\users\paul\desktop\skybox\flightsim\gfxiiframework\debug\gfxiiframework.tlog\link.write.1.tlog
c:\users\paul\desktop\skybox\flightsim\gfxiiframework\debug\gfxiiframework.tlog\rc.command.1.tlog
c:\users\paul\desktop\skybox\flightsim\gfxiiframework\debug\gfxiiframework.tlog\rc.read.1.tlog
c:\users\paul\desktop\skybox\flightsim\gfxiiframework\debug\gfxiiframework.tlog\rc.write.1.tlog
